[     3.348] 
X.Org X Server 1.20.4
X Protocol Version 11, Revision 0
[     3.350] Build Operating System: Linux 4.19.0-10-amd64 x86_64 Debian
[     3.350] Current Operating System: Linux (none) 4.19.0-11-amd64 #1 SMP Debian 4.19.146-1 (2020-09-17) x86_64
[     3.350] Kernel command line: BOOT_IMAGE=/install.amd/vmlinuz vga=788 initrd=/install.amd/gtk/initrd.gz --- quiet 
[     3.351] Build Date: 27 August 2020  08:51:48AM
[     3.352] xorg-server 2:1.20.4-1+deb10u1 (https://www.debian.org/support) 
[     3.352] Current version of pixman: 0.36.0
[     3.354] 	Before reporting problems, check http://wiki.x.org
	to make sure that you have the latest version.
[     3.354] Markers: (--) probed, (**) from config file, (==) default setting,
	(++) from command line, (!!) notice, (II) informational,
	(WW) warning, (EE) error, (NI) not implemented, (??) unknown.
[     3.358] (==) Log file: "/var/log/Xorg.0.log", Time: Thu Oct 22 21:37:48 2020
[     3.358] (==) Using system config directory "/usr/share/X11/xorg.conf.d"
[     3.358] (==) No Layout section.  Using the first Screen section.
[     3.358] (==) No screen section available. Using defaults.
[     3.358] (**) |-->Screen "Default Screen Section" (0)
[     3.358] (**) |   |-->Monitor "<default monitor>"
[     3.358] (==) No monitor specified for screen "Default Screen Section".
	Using a default monitor configuration.
[     3.358] (==) Automatically adding devices
[     3.358] (==) Automatically enabling devices
[     3.358] (==) Automatically adding GPU devices
[     3.358] (==) Max clients allowed: 256, resource mask: 0x1fffff
[     3.358] (==) FontPath set to:
	built-ins
[     3.358] (==) ModulePath set to "/usr/lib/xorg/modules"
[     3.358] (II) The server relies on udev to provide the list of input devices.
	If no devices become available, reconfigure udev or disable AutoAddDevices.
[     3.358] (II) Loader magic: 0x55829bac8aa0
[     3.358] (II) Module ABI versions:
[     3.358] 	X.Org ANSI C Emulation: 0.4
[     3.358] 	X.Org Video Driver: 24.0
[     3.358] 	X.Org XInput driver : 24.1
[     3.358] 	X.Org Server Extension : 10.0
[     3.358] (II) xfree86: Adding drm device (/dev/dri/card0)
[     3.360] (--) PCI:*(1@0:0:0) 1af4:1050:1af4:0010 rev 1, Mem @ 0xb0000000/67108864, 0xe2000000/4096, 0xe2040000/16384, I/O @ 0x00006000/32, BIOS @ 0x????????/131072
[     3.360] (==) Matched modesetting as autoconfigured driver 0
[     3.360] (==) Matched fbdev as autoconfigured driver 1
[     3.360] (==) Matched vesa as autoconfigured driver 2
[     3.360] (==) Assigned the driver to the xf86ConfigLayout
[     3.360] (II) LoadModule: "modesetting"
[     3.360] (II) Loading /usr/lib/xorg/modules/drivers/modesetting_drv.so
[     3.360] (II) Module modesetting: vendor="X.Org Foundation"
[     3.360] 	compiled for 1.20.4, module version = 1.20.4
[     3.360] 	Module class: X.Org Video Driver
[     3.360] 	ABI class: X.Org Video Driver, version 24.0
[     3.360] (II) LoadModule: "fbdev"
[     3.360] (II) Loading /usr/lib/xorg/modules/drivers/fbdev_drv.so
[     3.360] (II) Module fbdev: vendor="X.Org Foundation"
[     3.360] 	compiled for 1.20.0, module version = 0.5.0
[     3.360] 	Module class: X.Org Video Driver
[     3.360] 	ABI class: X.Org Video Driver, version 24.0
[     3.360] (II) LoadModule: "vesa"
[     3.360] (WW) Warning, couldn't open module vesa
[     3.360] (EE) Failed to load module "vesa" (module does not exist, 0)
[     3.360] (II) modesetting: Driver for Modesetting Kernel Drivers: kms
[     3.360] (II) FBDEV: driver for framebuffer: fbdev
[     3.360] (--) using VT number 5

[     3.362] (II) modeset(0): using drv /dev/dri/card0
[     3.362] (WW) Falling back to old probe method for fbdev
[     3.362] (II) Loading sub module "fbdevhw"
[     3.362] (II) LoadModule: "fbdevhw"
[     3.362] (II) Loading /usr/lib/xorg/modules/libfbdevhw.so
[     3.362] (II) Module fbdevhw: vendor="X.Org Foundation"
[     3.362] 	compiled for 1.20.4, module version = 0.0.2
[     3.362] 	ABI class: X.Org Video Driver, version 24.0
[     3.362] (II) modeset(0): Creating default Display subsection in Screen section
	"Default Screen Section" for depth/fbbpp 24/32
[     3.362] (==) modeset(0): Depth 24, (==) framebuffer bpp 32
[     3.362] (==) modeset(0): RGB weight 888
[     3.362] (==) modeset(0): Default visual is TrueColor
[     3.362] (II) modeset(0): No glamor support in the X Server
[     3.362] (II) modeset(0): ShadowFB: preferred NO, enabled NO
[     3.362] (II) modeset(0): Output Virtual-1 has no monitor section
[     3.362] (II) modeset(0): EDID for output Virtual-1
[     3.362] (II) modeset(0): Printing probed modes for output Virtual-1
[     3.362] (II) modeset(0): Modeline "1024x768"x59.9   63.53  1024 1072 1176 1328  768 771 775 798 -hsync +vsync (47.8 kHz P)
[     3.362] (II) modeset(0): Modeline "4096x2160"x60.0  556.74  4096 4104 4136 4176  2160 2208 2216 2222 +hsync -vsync (133.3 kHz e)
[     3.362] (II) modeset(0): Modeline "4096x2160"x59.9  556.19  4096 4104 4136 4176  2160 2208 2216 2222 +hsync -vsync (133.2 kHz e)
[     3.362] (II) modeset(0): Modeline "2560x1600"x60.0  348.50  2560 2752 3032 3504  1600 1603 1609 1658 -hsync +vsync (99.5 kHz e)
[     3.362] (II) modeset(0): Modeline "2560x1600"x60.0  268.50  2560 2608 2640 2720  1600 1603 1609 1646 +hsync -vsync (98.7 kHz e)
[     3.362] (II) modeset(0): Modeline "1920x1440"x60.0  234.00  1920 2048 2256 2600  1440 1441 1444 1500 -hsync +vsync (90.0 kHz e)
[     3.362] (II) modeset(0): Modeline "1856x1392"x60.0  218.25  1856 1952 2176 2528  1392 1393 1396 1439 -hsync +vsync (86.3 kHz e)
[     3.362] (II) modeset(0): Modeline "1792x1344"x60.0  204.75  1792 1920 2120 2448  1344 1345 1348 1394 -hsync +vsync (83.6 kHz e)
[     3.362] (II) modeset(0): Modeline "2048x1152"x60.0  162.00  2048 2074 2154 2250  1152 1153 1156 1200 +hsync +vsync (72.0 kHz e)
[     3.362] (II) modeset(0): Modeline "1920x1200"x59.9  193.25  1920 2056 2256 2592  1200 1203 1209 1245 -hsync +vsync (74.6 kHz e)
[     3.362] (II) modeset(0): Modeline "1920x1200"x60.0  154.00  1920 1968 2000 2080  1200 1203 1209 1235 +hsync -vsync (74.0 kHz e)
[     3.362] (II) modeset(0): Modeline "1920x1080"x60.0  148.50  1920 2008 2052 2200  1080 1084 1089 1125 -hsync -vsync (67.5 kHz e)
[     3.362] (II) modeset(0): Modeline "1600x1200"x60.0  162.00  1600 1664 1856 2160  1200 1201 1204 1250 +hsync +vsync (75.0 kHz e)
[     3.362] (II) modeset(0): Modeline "1680x1050"x60.0  146.25  1680 1784 1960 2240  1050 1053 1059 1089 -hsync +vsync (65.3 kHz e)
[     3.362] (II) modeset(0): Modeline "1680x1050"x59.9  119.00  1680 1728 1760 1840  1050 1053 1059 1080 +hsync -vsync (64.7 kHz e)
[     3.362] (II) modeset(0): Modeline "1400x1050"x60.0  121.75  1400 1488 1632 1864  1050 1053 1057 1089 -hsync +vsync (65.3 kHz e)
[     3.362] (II) modeset(0): Modeline "1400x1050"x59.9  101.00  1400 1448 1480 1560  1050 1053 1057 1080 +hsync -vsync (64.7 kHz e)
[     3.362] (II) modeset(0): Modeline "1600x900"x60.0  108.00  1600 1624 1704 1800  900 901 904 1000 +hsync +vsync (60.0 kHz e)
[     3.362] (II) modeset(0): Modeline "1280x1024"x60.0  108.00  1280 1328 1440 1688  1024 1025 1028 1066 +hsync +vsync (64.0 kHz e)
[     3.362] (II) modeset(0): Modeline "1440x900"x59.9  106.50  1440 1520 1672 1904  900 903 909 934 -hsync +vsync (55.9 kHz e)
[     3.362] (II) modeset(0): Modeline "1440x900"x59.9   88.75  1440 1488 1520 1600  900 903 909 926 +hsync -vsync (55.5 kHz e)
[     3.362] (II) modeset(0): Modeline "1280x960"x60.0  108.00  1280 1376 1488 1800  960 961 964 1000 +hsync +vsync (60.0 kHz e)
[     3.362] (II) modeset(0): Modeline "1366x768"x59.8   85.50  1366 1436 1579 1792  768 771 774 798 +hsync +vsync (47.7 kHz e)
[     3.362] (II) modeset(0): Modeline "1366x768"x60.0   72.00  1366 1380 1436 1500  768 769 772 800 +hsync +vsync (48.0 kHz e)
[     3.362] (II) modeset(0): Modeline "1360x768"x60.0   85.50  1360 1424 1536 1792  768 771 777 795 +hsync +vsync (47.7 kHz e)
[     3.362] (II) modeset(0): Modeline "1280x800"x59.8   83.50  1280 1352 1480 1680  800 803 809 831 -hsync +vsync (49.7 kHz e)
[     3.362] (II) modeset(0): Modeline "1280x800"x59.9   71.00  1280 1328 1360 1440  800 803 809 823 +hsync -vsync (49.3 kHz e)
[     3.362] (II) modeset(0): Modeline "1280x768"x59.9   79.50  1280 1344 1472 1664  768 771 778 798 -hsync +vsync (47.8 kHz e)
[     3.362] (II) modeset(0): Modeline "1280x768"x60.0   68.25  1280 1328 1360 1440  768 771 778 790 +hsync -vsync (47.4 kHz e)
[     3.362] (II) modeset(0): Modeline "1280x720"x60.0   74.25  1280 1390 1430 1650  720 725 730 750 +hsync +vsync (45.0 kHz e)
[     3.362] (II) modeset(0): Modeline "1024x768"x60.0   65.00  1024 1048 1184 1344  768 771 777 806 -hsync -vsync (48.4 kHz e)
[     3.362] (II) modeset(0): Modeline "800x600"x60.3   40.00  800 840 968 1056  600 601 605 628 +hsync +vsync (37.9 kHz e)
[     3.362] (II) modeset(0): Modeline "800x600"x56.2   36.00  800 824 896 1024  600 601 603 625 +hsync +vsync (35.2 kHz e)
[     3.362] (II) modeset(0): Modeline "848x480"x60.0   33.75  848 864 976 1088  480 486 494 517 +hsync +vsync (31.0 kHz e)
[     3.362] (II) modeset(0): Modeline "640x480"x59.9   25.18  640 656 752 800  480 490 492 525 -hsync -vsync (31.5 kHz e)
[     3.362] (II) modeset(0): Output Virtual-1 connected
[     3.362] (II) modeset(0): Using exact sizes for initial modes
[     3.362] (II) modeset(0): Output Virtual-1 using initial mode 1024x768 +0+0
[     3.362] (==) modeset(0): Using gamma correction (1.0, 1.0, 1.0)
[     3.362] (==) modeset(0): DPI set to (96, 96)
[     3.362] (II) Loading sub module "fb"
[     3.362] (II) LoadModule: "fb"
[     3.362] (II) Loading /usr/lib/xorg/modules/libfb.so
[     3.362] (II) Module fb: vendor="X.Org Foundation"
[     3.362] 	compiled for 1.20.4, module version = 1.0.0
[     3.362] 	ABI class: X.Org ANSI C Emulation, version 0.4
[     3.362] (II) UnloadModule: "fbdev"
[     3.362] (II) Unloading fbdev
[     3.363] (II) UnloadSubModule: "fbdevhw"
[     3.363] (II) Unloading fbdevhw
[     3.363] (==) modeset(0): Backing store disabled
[     3.363] (==) modeset(0): Silken mouse enabled
[     3.363] (II) modeset(0): Initializing kms color map for depth 24, 8 bpc.
[     3.363] (==) modeset(0): DPMS enabled
[     3.363] (II) Initializing extension Generic Event Extension
[     3.363] (II) Initializing extension SHAPE
[     3.363] (II) Initializing extension MIT-SHM
[     3.363] (II) Initializing extension XInputExtension
[     3.363] (II) Initializing extension XTEST
[     3.363] (II) Initializing extension BIG-REQUESTS
[     3.363] (II) Initializing extension SYNC
[     3.363] (II) Initializing extension XKEYBOARD
[     3.363] (II) Initializing extension XC-MISC
[     3.363] (II) Initializing extension XFIXES
[     3.363] (II) Initializing extension RENDER
[     3.363] (II) Initializing extension RANDR
[     3.363] (II) Initializing extension DAMAGE
[     3.363] (II) Initializing extension DOUBLE-BUFFER
[     3.363] (II) Initializing extension DPMS
[     3.363] (II) Initializing extension Present
[     3.363] (II) Initializing extension DRI3
[     3.363] (II) Initializing extension X-Resource
[     3.363] (II) Initializing extension XFree86-DGA
[     3.363] (II) modeset(0): Damage tracking initialized
[     3.363] (II) modeset(0): Setting screen physical size to 270 x 203
[     3.381] (II) config/udev: Adding input device Parallels Virtual Mouse (/dev/input/event1)
[     3.381] (**) Parallels Virtual Mouse: Applying InputClass "evdev pointer catchall"
[     3.381] (II) LoadModule: "evdev"
[     3.381] (II) Loading /usr/lib/xorg/modules/input/evdev_drv.so
[     3.381] (II) Module evdev: vendor="X.Org Foundation"
[     3.381] 	compiled for 1.20.1, module version = 2.10.6
[     3.381] 	Module class: X.Org XInput Driver
[     3.381] 	ABI class: X.Org XInput driver, version 24.1
[     3.381] (II) Using input driver 'evdev' for 'Parallels Virtual Mouse'
[     3.381] (**) Parallels Virtual Mouse: always reports core events
[     3.381] (**) evdev: Parallels Virtual Mouse: Device: "/dev/input/event1"
[     3.441] (--) evdev: Parallels Virtual Mouse: Vendor 0x203a Product 0xfffc
[     3.441] (--) evdev: Parallels Virtual Mouse: Found 12 mouse buttons
[     3.441] (--) evdev: Parallels Virtual Mouse: Found scroll wheel(s)
[     3.441] (--) evdev: Parallels Virtual Mouse: Found relative axes
[     3.441] (--) evdev: Parallels Virtual Mouse: Found absolute axes
[     3.441] (--) evdev: Parallels Virtual Mouse: Found x and y absolute axes
[     3.441] (--) evdev: Parallels Virtual Mouse: Found absolute touchscreen
[     3.441] (II) evdev: Parallels Virtual Mouse: Configuring as touchscreen
[     3.441] (II) evdev: Parallels Virtual Mouse: Adding scrollwheel support
[     3.441] (**) evdev: Parallels Virtual Mouse: YAxisMapping: buttons 4 and 5
[     3.441] (**) evdev: Parallels Virtual Mouse: EmulateWheelButton: 4, EmulateWheelInertia: 10, EmulateWheelTimeout: 200
[     3.441] (**) Option "config_info" "udev:/sys/devices/pci0000:00/0000:00:1d.0/usb1/1-1/1-1:1.0/0003:203A:FFFC.0001/input/input3/event1"
[     3.441] (II) XINPUT: Adding extended input device "Parallels Virtual Mouse" (type: TOUCHSCREEN, id 6)
[     3.441] (WW) evdev: Parallels Virtual Mouse: touchpads, tablets and touchscreens ignore relative axes.
[     3.441] (II) evdev: Parallels Virtual Mouse: initialized for absolute axes.
[     3.441] (**) Parallels Virtual Mouse: (accel) keeping acceleration scheme 1
[     3.441] (**) Parallels Virtual Mouse: (accel) acceleration profile 0
[     3.441] (**) Parallels Virtual Mouse: (accel) acceleration factor: 2.000
[     3.441] (**) Parallels Virtual Mouse: (accel) acceleration threshold: 4
[     3.441] (II) config/udev: Adding input device Parallels Virtual Mouse (/dev/input/mouse0)
[     3.441] (II) No input driver specified, ignoring this device.
[     3.441] (II) This device may have been added with another device file.
[     3.442] (II) config/udev: Adding input device Parallels Virtual Mouse (/dev/input/event2)
[     3.442] (**) Parallels Virtual Mouse: Applying InputClass "evdev pointer catchall"
[     3.442] (II) Using input driver 'evdev' for 'Parallels Virtual Mouse'
[     3.442] (**) Parallels Virtual Mouse: always reports core events
[     3.442] (**) evdev: Parallels Virtual Mouse: Device: "/dev/input/event2"
[     3.501] (--) evdev: Parallels Virtual Mouse: Vendor 0x203a Product 0xfffc
[     3.501] (--) evdev: Parallels Virtual Mouse: Found 12 mouse buttons
[     3.501] (--) evdev: Parallels Virtual Mouse: Found scroll wheel(s)
[     3.501] (--) evdev: Parallels Virtual Mouse: Found relative axes
[     3.501] (--) evdev: Parallels Virtual Mouse: Found x and y relative axes
[     3.501] (II) evdev: Parallels Virtual Mouse: Configuring as mouse
[     3.501] (II) evdev: Parallels Virtual Mouse: Adding scrollwheel support
[     3.501] (**) evdev: Parallels Virtual Mouse: YAxisMapping: buttons 4 and 5
[     3.501] (**) evdev: Parallels Virtual Mouse: EmulateWheelButton: 4, EmulateWheelInertia: 10, EmulateWheelTimeout: 200
[     3.501] (**) Option "config_info" "udev:/sys/devices/pci0000:00/0000:00:1d.0/usb1/1-1/1-1:1.1/0003:203A:FFFC.0002/input/input4/event2"
[     3.501] (II) XINPUT: Adding extended input device "Parallels Virtual Mouse" (type: MOUSE, id 7)
[     3.501] (II) evdev: Parallels Virtual Mouse: initialized for relative axes.
[     3.501] (**) Parallels Virtual Mouse: (accel) keeping acceleration scheme 1
[     3.501] (**) Parallels Virtual Mouse: (accel) acceleration profile 0
[     3.501] (**) Parallels Virtual Mouse: (accel) acceleration factor: 2.000
[     3.501] (**) Parallels Virtual Mouse: (accel) acceleration threshold: 4
[     3.502] (II) config/udev: Adding input device Parallels Virtual Mouse (/dev/input/mouse1)
[     3.502] (II) No input driver specified, ignoring this device.
[     3.502] (II) This device may have been added with another device file.
[     3.502] (II) config/udev: Adding input device AT Translated Set 2 keyboard (/dev/input/event0)
[     3.502] (**) AT Translated Set 2 keyboard: Applying InputClass "evdev keyboard catchall"
[     3.502] (II) Using input driver 'evdev' for 'AT Translated Set 2 keyboard'
[     3.502] (**) AT Translated Set 2 keyboard: always reports core events
[     3.502] (**) evdev: AT Translated Set 2 keyboard: Device: "/dev/input/event0"
[     3.502] (--) evdev: AT Translated Set 2 keyboard: Vendor 0x1 Product 0x1
[     3.502] (--) evdev: AT Translated Set 2 keyboard: Found keys
[     3.502] (II) evdev: AT Translated Set 2 keyboard: Configuring as keyboard
[     3.502] (**) Option "config_info" "udev:/sys/devices/platform/i8042/serio0/input/input0/event0"
[     3.502] (II) XINPUT: Adding extended input device "AT Translated Set 2 keyboard" (type: KEYBOARD, id 8)
[     3.502] (**) Option "xkb_rules" "evdev"
[     3.503] (II) config/udev: Adding input device ImExPS/2 Generic Explorer Mouse (/dev/input/event3)
[     3.503] (**) ImExPS/2 Generic Explorer Mouse: Applying InputClass "evdev pointer catchall"
[     3.503] (II) Using input driver 'evdev' for 'ImExPS/2 Generic Explorer Mouse'
[     3.503] (**) ImExPS/2 Generic Explorer Mouse: always reports core events
[     3.503] (**) evdev: ImExPS/2 Generic Explorer Mouse: Device: "/dev/input/event3"
[     3.503] (--) evdev: ImExPS/2 Generic Explorer Mouse: Vendor 0x2 Product 0x6
[     3.503] (--) evdev: ImExPS/2 Generic Explorer Mouse: Found 9 mouse buttons
[     3.503] (--) evdev: ImExPS/2 Generic Explorer Mouse: Found scroll wheel(s)
[     3.503] (--) evdev: ImExPS/2 Generic Explorer Mouse: Found relative axes
[     3.503] (--) evdev: ImExPS/2 Generic Explorer Mouse: Found x and y relative axes
[     3.503] (II) evdev: ImExPS/2 Generic Explorer Mouse: Configuring as mouse
[     3.503] (II) evdev: ImExPS/2 Generic Explorer Mouse: Adding scrollwheel support
[     3.503] (**) evdev: ImExPS/2 Generic Explorer Mouse: YAxisMapping: buttons 4 and 5
[     3.503] (**) evdev: ImExPS/2 Generic Explorer Mouse: EmulateWheelButton: 4, EmulateWheelInertia: 10, EmulateWheelTimeout: 200
[     3.503] (**) Option "config_info" "udev:/sys/devices/platform/i8042/serio1/input/input2/event3"
[     3.503] (II) XINPUT: Adding extended input device "ImExPS/2 Generic Explorer Mouse" (type: MOUSE, id 9)
[     3.503] (II) evdev: ImExPS/2 Generic Explorer Mouse: initialized for relative axes.
[     3.503] (**) ImExPS/2 Generic Explorer Mouse: (accel) keeping acceleration scheme 1
[     3.503] (**) ImExPS/2 Generic Explorer Mouse: (accel) acceleration profile 0
[     3.503] (**) ImExPS/2 Generic Explorer Mouse: (accel) acceleration factor: 2.000
[     3.503] (**) ImExPS/2 Generic Explorer Mouse: (accel) acceleration threshold: 4
[     3.503] (II) config/udev: Adding input device ImExPS/2 Generic Explorer Mouse (/dev/input/mouse2)
[     3.503] (II) No input driver specified, ignoring this device.
[     3.503] (II) This device may have been added with another device file.
[     9.843] (II) config/udev: removing GPU device /sys/devices/pci0000:00/0000:00:01.0/0000:01:00.0/virtio2/drm/card0 /dev/dri/card0
[     9.843] xf86: remove device 0 /sys/devices/pci0000:00/0000:00:01.0/0000:01:00.0/virtio2/drm/card0
[     9.843] failed to find screen to remove
[     9.848] (II) config/udev: Adding input device Parallels Virtual Mouse (/dev/input/mouse0)
[     9.848] (II) No input driver specified, ignoring this device.
[     9.848] (II) This device may have been added with another device file.
[     9.850] (II) config/udev: Adding input device Parallels Virtual Mouse (/dev/input/mouse1)
[     9.850] (II) No input driver specified, ignoring this device.
[     9.850] (II) This device may have been added with another device file.
[     9.856] (II) config/udev: Adding input device ImExPS/2 Generic Explorer Mouse (/dev/input/mouse2)
[     9.856] (II) No input driver specified, ignoring this device.
[     9.856] (II) This device may have been added with another device file.
[     9.858] (II) config/udev: removing device Parallels Virtual Mouse
[     9.884] (II) evdev: Parallels Virtual Mouse: Close
[     9.884] (II) UnloadModule: "evdev"
[     9.885] (II) config/udev: Adding input device Parallels Virtual Mouse (/dev/input/event1)
[     9.885] (**) Parallels Virtual Mouse: Applying InputClass "evdev pointer catchall"
[     9.885] (II) Using input driver 'evdev' for 'Parallels Virtual Mouse'
[     9.885] (**) Parallels Virtual Mouse: always reports core events
[     9.885] (**) evdev: Parallels Virtual Mouse: Device: "/dev/input/event1"
[     9.944] (--) evdev: Parallels Virtual Mouse: Vendor 0x203a Product 0xfffc
[     9.944] (--) evdev: Parallels Virtual Mouse: Found 12 mouse buttons
[     9.944] (--) evdev: Parallels Virtual Mouse: Found scroll wheel(s)
[     9.944] (--) evdev: Parallels Virtual Mouse: Found relative axes
[     9.944] (--) evdev: Parallels Virtual Mouse: Found absolute axes
[     9.944] (--) evdev: Parallels Virtual Mouse: Found x and y absolute axes
[     9.944] (--) evdev: Parallels Virtual Mouse: Found absolute touchscreen
[     9.944] (II) evdev: Parallels Virtual Mouse: Configuring as touchscreen
[     9.944] (II) evdev: Parallels Virtual Mouse: Adding scrollwheel support
[     9.944] (**) evdev: Parallels Virtual Mouse: YAxisMapping: buttons 4 and 5
[     9.944] (**) evdev: Parallels Virtual Mouse: EmulateWheelButton: 4, EmulateWheelInertia: 10, EmulateWheelTimeout: 200
[     9.944] (**) Option "config_info" "udev:/sys/devices/pci0000:00/0000:00:1d.0/usb1/1-1/1-1:1.0/0003:203A:FFFC.0001/input/input3/event1"
[     9.944] (II) XINPUT: Adding extended input device "Parallels Virtual Mouse" (type: TOUCHSCREEN, id 6)
[     9.944] (WW) evdev: Parallels Virtual Mouse: touchpads, tablets and touchscreens ignore relative axes.
[     9.945] (II) evdev: Parallels Virtual Mouse: initialized for absolute axes.
[     9.945] (**) Parallels Virtual Mouse: (accel) keeping acceleration scheme 1
[     9.945] (**) Parallels Virtual Mouse: (accel) acceleration profile 0
[     9.945] (**) Parallels Virtual Mouse: (accel) acceleration factor: 2.000
[     9.945] (**) Parallels Virtual Mouse: (accel) acceleration threshold: 4
[     9.947] (II) config/udev: removing device Parallels Virtual Mouse
[     9.981] (II) evdev: Parallels Virtual Mouse: Close
[     9.981] (II) UnloadModule: "evdev"
[     9.981] (II) config/udev: Adding input device Parallels Virtual Mouse (/dev/input/event2)
[     9.981] (**) Parallels Virtual Mouse: Applying InputClass "evdev pointer catchall"
[     9.981] (II) Using input driver 'evdev' for 'Parallels Virtual Mouse'
[     9.981] (**) Parallels Virtual Mouse: always reports core events
[     9.981] (**) evdev: Parallels Virtual Mouse: Device: "/dev/input/event2"
[    10.041] (--) evdev: Parallels Virtual Mouse: Vendor 0x203a Product 0xfffc
[    10.041] (--) evdev: Parallels Virtual Mouse: Found 12 mouse buttons
[    10.041] (--) evdev: Parallels Virtual Mouse: Found scroll wheel(s)
[    10.041] (--) evdev: Parallels Virtual Mouse: Found relative axes
[    10.041] (--) evdev: Parallels Virtual Mouse: Found x and y relative axes
[    10.041] (II) evdev: Parallels Virtual Mouse: Configuring as mouse
[    10.041] (II) evdev: Parallels Virtual Mouse: Adding scrollwheel support
[    10.041] (**) evdev: Parallels Virtual Mouse: YAxisMapping: buttons 4 and 5
[    10.041] (**) evdev: Parallels Virtual Mouse: EmulateWheelButton: 4, EmulateWheelInertia: 10, EmulateWheelTimeout: 200
[    10.041] (**) Option "config_info" "udev:/sys/devices/pci0000:00/0000:00:1d.0/usb1/1-1/1-1:1.1/0003:203A:FFFC.0002/input/input4/event2"
[    10.041] (II) XINPUT: Adding extended input device "Parallels Virtual Mouse" (type: MOUSE, id 7)
[    10.041] (II) evdev: Parallels Virtual Mouse: initialized for relative axes.
[    10.041] (**) Parallels Virtual Mouse: (accel) keeping acceleration scheme 1
[    10.041] (**) Parallels Virtual Mouse: (accel) acceleration profile 0
[    10.041] (**) Parallels Virtual Mouse: (accel) acceleration factor: 2.000
[    10.041] (**) Parallels Virtual Mouse: (accel) acceleration threshold: 4
[    10.042] (II) config/udev: removing device AT Translated Set 2 keyboard
[    10.073] (II) evdev: AT Translated Set 2 keyboard: Close
[    10.073] (II) UnloadModule: "evdev"
[    10.073] (II) config/udev: Adding input device AT Translated Set 2 keyboard (/dev/input/event0)
[    10.073] (**) AT Translated Set 2 keyboard: Applying InputClass "evdev keyboard catchall"
[    10.073] (II) Using input driver 'evdev' for 'AT Translated Set 2 keyboard'
[    10.073] (**) AT Translated Set 2 keyboard: always reports core events
[    10.073] (**) evdev: AT Translated Set 2 keyboard: Device: "/dev/input/event0"
[    10.073] (--) evdev: AT Translated Set 2 keyboard: Vendor 0x1 Product 0x1
[    10.073] (--) evdev: AT Translated Set 2 keyboard: Found keys
[    10.073] (II) evdev: AT Translated Set 2 keyboard: Configuring as keyboard
[    10.073] (**) Option "config_info" "udev:/sys/devices/platform/i8042/serio0/input/input0/event0"
[    10.073] (II) XINPUT: Adding extended input device "AT Translated Set 2 keyboard" (type: KEYBOARD, id 8)
[    10.073] (**) Option "xkb_rules" "evdev"
[    10.073] (**) Option "xkb_model" "pc105"
[    10.073] (**) Option "xkb_layout" "us"
[    10.073] (WW) Option "xkb_variant" requires a string value
[    10.073] (WW) Option "xkb_options" requires a string value
[    10.073] (II) config/udev: removing device ImExPS/2 Generic Explorer Mouse
[    10.105] (II) evdev: ImExPS/2 Generic Explorer Mouse: Close
[    10.105] (II) UnloadModule: "evdev"
[    10.105] (II) config/udev: Adding input device ImExPS/2 Generic Explorer Mouse (/dev/input/event3)
[    10.105] (**) ImExPS/2 Generic Explorer Mouse: Applying InputClass "evdev pointer catchall"
[    10.105] (II) Using input driver 'evdev' for 'ImExPS/2 Generic Explorer Mouse'
[    10.105] (**) ImExPS/2 Generic Explorer Mouse: always reports core events
[    10.105] (**) evdev: ImExPS/2 Generic Explorer Mouse: Device: "/dev/input/event3"
[    10.105] (--) evdev: ImExPS/2 Generic Explorer Mouse: Vendor 0x2 Product 0x6
[    10.105] (--) evdev: ImExPS/2 Generic Explorer Mouse: Found 9 mouse buttons
[    10.105] (--) evdev: ImExPS/2 Generic Explorer Mouse: Found scroll wheel(s)
[    10.105] (--) evdev: ImExPS/2 Generic Explorer Mouse: Found relative axes
[    10.105] (--) evdev: ImExPS/2 Generic Explorer Mouse: Found x and y relative axes
[    10.105] (II) evdev: ImExPS/2 Generic Explorer Mouse: Configuring as mouse
[    10.105] (II) evdev: ImExPS/2 Generic Explorer Mouse: Adding scrollwheel support
[    10.105] (**) evdev: ImExPS/2 Generic Explorer Mouse: YAxisMapping: buttons 4 and 5
[    10.105] (**) evdev: ImExPS/2 Generic Explorer Mouse: EmulateWheelButton: 4, EmulateWheelInertia: 10, EmulateWheelTimeout: 200
[    10.105] (**) Option "config_info" "udev:/sys/devices/platform/i8042/serio1/input/input2/event3"
[    10.105] (II) XINPUT: Adding extended input device "ImExPS/2 Generic Explorer Mouse" (type: MOUSE, id 9)
[    10.105] (II) evdev: ImExPS/2 Generic Explorer Mouse: initialized for relative axes.
[    10.105] (**) ImExPS/2 Generic Explorer Mouse: (accel) keeping acceleration scheme 1
[    10.105] (**) ImExPS/2 Generic Explorer Mouse: (accel) acceleration profile 0
[    10.105] (**) ImExPS/2 Generic Explorer Mouse: (accel) acceleration factor: 2.000
[    10.105] (**) ImExPS/2 Generic Explorer Mouse: (accel) acceleration threshold: 4
[    21.027] (II) config/udev: removing GPU device /sys/devices/pci0000:00/0000:00:01.0/0000:01:00.0/virtio2/drm/card0 /dev/dri/card0
[    21.027] xf86: remove device 0 /sys/devices/pci0000:00/0000:00:01.0/0000:01:00.0/virtio2/drm/card0
[    21.027] failed to find screen to remove
[    21.035] (II) config/udev: Adding input device Parallels Virtual Mouse (/dev/input/mouse0)
[    21.035] (II) No input driver specified, ignoring this device.
[    21.035] (II) This device may have been added with another device file.
[    21.039] (II) config/udev: Adding input device Parallels Virtual Mouse (/dev/input/mouse1)
[    21.039] (II) No input driver specified, ignoring this device.
[    21.039] (II) This device may have been added with another device file.
[    21.041] (II) config/udev: Adding input device ImExPS/2 Generic Explorer Mouse (/dev/input/mouse2)
[    21.041] (II) No input driver specified, ignoring this device.
[    21.041] (II) This device may have been added with another device file.
[    21.046] (II) config/udev: removing device Parallels Virtual Mouse
[    21.097] (II) evdev: Parallels Virtual Mouse: Close
[    21.097] (II) UnloadModule: "evdev"
[    21.097] (II) config/udev: Adding input device Parallels Virtual Mouse (/dev/input/event1)
[    21.097] (**) Parallels Virtual Mouse: Applying InputClass "evdev pointer catchall"
[    21.097] (II) Using input driver 'evdev' for 'Parallels Virtual Mouse'
[    21.097] (**) Parallels Virtual Mouse: always reports core events
[    21.097] (**) evdev: Parallels Virtual Mouse: Device: "/dev/input/event1"
[    21.157] (--) evdev: Parallels Virtual Mouse: Vendor 0x203a Product 0xfffc
[    21.157] (--) evdev: Parallels Virtual Mouse: Found 12 mouse buttons
[    21.157] (--) evdev: Parallels Virtual Mouse: Found scroll wheel(s)
[    21.157] (--) evdev: Parallels Virtual Mouse: Found relative axes
[    21.157] (--) evdev: Parallels Virtual Mouse: Found absolute axes
[    21.157] (--) evdev: Parallels Virtual Mouse: Found x and y absolute axes
[    21.157] (--) evdev: Parallels Virtual Mouse: Found absolute touchscreen
[    21.157] (II) evdev: Parallels Virtual Mouse: Configuring as touchscreen
[    21.157] (II) evdev: Parallels Virtual Mouse: Adding scrollwheel support
[    21.157] (**) evdev: Parallels Virtual Mouse: YAxisMapping: buttons 4 and 5
[    21.157] (**) evdev: Parallels Virtual Mouse: EmulateWheelButton: 4, EmulateWheelInertia: 10, EmulateWheelTimeout: 200
[    21.157] (**) Option "config_info" "udev:/sys/devices/pci0000:00/0000:00:1d.0/usb1/1-1/1-1:1.0/0003:203A:FFFC.0001/input/input3/event1"
[    21.157] (II) XINPUT: Adding extended input device "Parallels Virtual Mouse" (type: TOUCHSCREEN, id 6)
[    21.157] (WW) evdev: Parallels Virtual Mouse: touchpads, tablets and touchscreens ignore relative axes.
[    21.157] (II) evdev: Parallels Virtual Mouse: initialized for absolute axes.
[    21.157] (**) Parallels Virtual Mouse: (accel) keeping acceleration scheme 1
[    21.157] (**) Parallels Virtual Mouse: (accel) acceleration profile 0
[    21.157] (**) Parallels Virtual Mouse: (accel) acceleration factor: 2.000
[    21.157] (**) Parallels Virtual Mouse: (accel) acceleration threshold: 4
[    21.157] (II) config/udev: removing device Parallels Virtual Mouse
[    21.353] (II) evdev: Parallels Virtual Mouse: Close
[    21.353] (II) UnloadModule: "evdev"
[    21.353] (II) config/udev: Adding input device Parallels Virtual Mouse (/dev/input/event2)
[    21.353] (**) Parallels Virtual Mouse: Applying InputClass "evdev pointer catchall"
[    21.353] (II) Using input driver 'evdev' for 'Parallels Virtual Mouse'
[    21.353] (**) Parallels Virtual Mouse: always reports core events
[    21.353] (**) evdev: Parallels Virtual Mouse: Device: "/dev/input/event2"
[    21.413] (--) evdev: Parallels Virtual Mouse: Vendor 0x203a Product 0xfffc
[    21.413] (--) evdev: Parallels Virtual Mouse: Found 12 mouse buttons
[    21.413] (--) evdev: Parallels Virtual Mouse: Found scroll wheel(s)
[    21.413] (--) evdev: Parallels Virtual Mouse: Found relative axes
[    21.413] (--) evdev: Parallels Virtual Mouse: Found x and y relative axes
[    21.413] (II) evdev: Parallels Virtual Mouse: Configuring as mouse
[    21.413] (II) evdev: Parallels Virtual Mouse: Adding scrollwheel support
[    21.413] (**) evdev: Parallels Virtual Mouse: YAxisMapping: buttons 4 and 5
[    21.413] (**) evdev: Parallels Virtual Mouse: EmulateWheelButton: 4, EmulateWheelInertia: 10, EmulateWheelTimeout: 200
[    21.413] (**) Option "config_info" "udev:/sys/devices/pci0000:00/0000:00:1d.0/usb1/1-1/1-1:1.1/0003:203A:FFFC.0002/input/input4/event2"
[    21.413] (II) XINPUT: Adding extended input device "Parallels Virtual Mouse" (type: MOUSE, id 7)
[    21.413] (II) evdev: Parallels Virtual Mouse: initialized for relative axes.
[    21.413] (**) Parallels Virtual Mouse: (accel) keeping acceleration scheme 1
[    21.413] (**) Parallels Virtual Mouse: (accel) acceleration profile 0
[    21.413] (**) Parallels Virtual Mouse: (accel) acceleration factor: 2.000
[    21.413] (**) Parallels Virtual Mouse: (accel) acceleration threshold: 4
[    21.415] (II) config/udev: removing device AT Translated Set 2 keyboard
[    21.445] (II) evdev: AT Translated Set 2 keyboard: Close
[    21.445] (II) UnloadModule: "evdev"
[    21.445] (II) config/udev: Adding input device AT Translated Set 2 keyboard (/dev/input/event0)
[    21.445] (**) AT Translated Set 2 keyboard: Applying InputClass "evdev keyboard catchall"
[    21.445] (II) Using input driver 'evdev' for 'AT Translated Set 2 keyboard'
[    21.445] (**) AT Translated Set 2 keyboard: always reports core events
[    21.445] (**) evdev: AT Translated Set 2 keyboard: Device: "/dev/input/event0"
[    21.445] (--) evdev: AT Translated Set 2 keyboard: Vendor 0x1 Product 0x1
[    21.445] (--) evdev: AT Translated Set 2 keyboard: Found keys
[    21.445] (II) evdev: AT Translated Set 2 keyboard: Configuring as keyboard
[    21.445] (**) Option "config_info" "udev:/sys/devices/platform/i8042/serio0/input/input0/event0"
[    21.445] (II) XINPUT: Adding extended input device "AT Translated Set 2 keyboard" (type: KEYBOARD, id 8)
[    21.445] (**) Option "xkb_rules" "evdev"
[    21.445] (**) Option "xkb_model" "pc105"
[    21.445] (**) Option "xkb_layout" "us"
[    21.445] (WW) Option "xkb_variant" requires a string value
[    21.445] (WW) Option "xkb_options" requires a string value
[    21.445] (II) config/udev: removing device ImExPS/2 Generic Explorer Mouse
[    21.473] (II) evdev: ImExPS/2 Generic Explorer Mouse: Close
[    21.473] (II) UnloadModule: "evdev"
[    21.473] (II) config/udev: Adding input device ImExPS/2 Generic Explorer Mouse (/dev/input/event3)
[    21.473] (**) ImExPS/2 Generic Explorer Mouse: Applying InputClass "evdev pointer catchall"
[    21.473] (II) Using input driver 'evdev' for 'ImExPS/2 Generic Explorer Mouse'
[    21.473] (**) ImExPS/2 Generic Explorer Mouse: always reports core events
[    21.473] (**) evdev: ImExPS/2 Generic Explorer Mouse: Device: "/dev/input/event3"
[    21.473] (--) evdev: ImExPS/2 Generic Explorer Mouse: Vendor 0x2 Product 0x6
[    21.473] (--) evdev: ImExPS/2 Generic Explorer Mouse: Found 9 mouse buttons
[    21.473] (--) evdev: ImExPS/2 Generic Explorer Mouse: Found scroll wheel(s)
[    21.473] (--) evdev: ImExPS/2 Generic Explorer Mouse: Found relative axes
[    21.473] (--) evdev: ImExPS/2 Generic Explorer Mouse: Found x and y relative axes
[    21.473] (II) evdev: ImExPS/2 Generic Explorer Mouse: Configuring as mouse
[    21.473] (II) evdev: ImExPS/2 Generic Explorer Mouse: Adding scrollwheel support
[    21.473] (**) evdev: ImExPS/2 Generic Explorer Mouse: YAxisMapping: buttons 4 and 5
[    21.473] (**) evdev: ImExPS/2 Generic Explorer Mouse: EmulateWheelButton: 4, EmulateWheelInertia: 10, EmulateWheelTimeout: 200
[    21.473] (**) Option "config_info" "udev:/sys/devices/platform/i8042/serio1/input/input2/event3"
[    21.473] (II) XINPUT: Adding extended input device "ImExPS/2 Generic Explorer Mouse" (type: MOUSE, id 9)
[    21.473] (II) evdev: ImExPS/2 Generic Explorer Mouse: initialized for relative axes.
[    21.473] (**) ImExPS/2 Generic Explorer Mouse: (accel) keeping acceleration scheme 1
[    21.473] (**) ImExPS/2 Generic Explorer Mouse: (accel) acceleration profile 0
[    21.473] (**) ImExPS/2 Generic Explorer Mouse: (accel) acceleration factor: 2.000
[    21.473] (**) ImExPS/2 Generic Explorer Mouse: (accel) acceleration threshold: 4
[    64.273] (II) config/udev: removing GPU device /sys/devices/pci0000:00/0000:00:01.0/0000:01:00.0/virtio2/drm/card0 /dev/dri/card0
[    64.273] xf86: remove device 0 /sys/devices/pci0000:00/0000:00:01.0/0000:01:00.0/virtio2/drm/card0
[    64.273] failed to find screen to remove
[    64.291] (II) config/udev: Adding input device Parallels Virtual Mouse (/dev/input/mouse0)
[    64.291] (II) No input driver specified, ignoring this device.
[    64.291] (II) This device may have been added with another device file.
[    64.294] (II) config/udev: Adding input device Parallels Virtual Mouse (/dev/input/mouse1)
[    64.294] (II) No input driver specified, ignoring this device.
[    64.294] (II) This device may have been added with another device file.
[    64.298] (II) config/udev: Adding input device ImExPS/2 Generic Explorer Mouse (/dev/input/mouse2)
[    64.298] (II) No input driver specified, ignoring this device.
[    64.298] (II) This device may have been added with another device file.
[    64.301] (II) config/udev: removing device Parallels Virtual Mouse
[    64.325] (II) evdev: Parallels Virtual Mouse: Close
[    64.325] (II) UnloadModule: "evdev"
[    64.325] (II) config/udev: Adding input device Parallels Virtual Mouse (/dev/input/event1)
[    64.325] (**) Parallels Virtual Mouse: Applying InputClass "evdev pointer catchall"
[    64.325] (II) Using input driver 'evdev' for 'Parallels Virtual Mouse'
[    64.325] (**) Parallels Virtual Mouse: always reports core events
[    64.325] (**) evdev: Parallels Virtual Mouse: Device: "/dev/input/event1"
[    64.385] (--) evdev: Parallels Virtual Mouse: Vendor 0x203a Product 0xfffc
[    64.385] (--) evdev: Parallels Virtual Mouse: Found 12 mouse buttons
[    64.385] (--) evdev: Parallels Virtual Mouse: Found scroll wheel(s)
[    64.385] (--) evdev: Parallels Virtual Mouse: Found relative axes
[    64.385] (--) evdev: Parallels Virtual Mouse: Found absolute axes
[    64.385] (--) evdev: Parallels Virtual Mouse: Found x and y absolute axes
[    64.385] (--) evdev: Parallels Virtual Mouse: Found absolute touchscreen
[    64.385] (II) evdev: Parallels Virtual Mouse: Configuring as touchscreen
[    64.385] (II) evdev: Parallels Virtual Mouse: Adding scrollwheel support
[    64.385] (**) evdev: Parallels Virtual Mouse: YAxisMapping: buttons 4 and 5
[    64.385] (**) evdev: Parallels Virtual Mouse: EmulateWheelButton: 4, EmulateWheelInertia: 10, EmulateWheelTimeout: 200
[    64.385] (**) Option "config_info" "udev:/sys/devices/pci0000:00/0000:00:1d.0/usb1/1-1/1-1:1.0/0003:203A:FFFC.0001/input/input3/event1"
[    64.385] (II) XINPUT: Adding extended input device "Parallels Virtual Mouse" (type: TOUCHSCREEN, id 6)
[    64.385] (WW) evdev: Parallels Virtual Mouse: touchpads, tablets and touchscreens ignore relative axes.
[    64.385] (II) evdev: Parallels Virtual Mouse: initialized for absolute axes.
[    64.385] (**) Parallels Virtual Mouse: (accel) keeping acceleration scheme 1
[    64.385] (**) Parallels Virtual Mouse: (accel) acceleration profile 0
[    64.385] (**) Parallels Virtual Mouse: (accel) acceleration factor: 2.000
[    64.385] (**) Parallels Virtual Mouse: (accel) acceleration threshold: 4
[    64.385] (II) config/udev: removing device Parallels Virtual Mouse
[    64.409] (II) evdev: Parallels Virtual Mouse: Close
[    64.409] (II) UnloadModule: "evdev"
[    64.409] (II) config/udev: Adding input device Parallels Virtual Mouse (/dev/input/event2)
[    64.409] (**) Parallels Virtual Mouse: Applying InputClass "evdev pointer catchall"
[    64.409] (II) Using input driver 'evdev' for 'Parallels Virtual Mouse'
[    64.409] (**) Parallels Virtual Mouse: always reports core events
[    64.409] (**) evdev: Parallels Virtual Mouse: Device: "/dev/input/event2"
[    64.469] (--) evdev: Parallels Virtual Mouse: Vendor 0x203a Product 0xfffc
[    64.469] (--) evdev: Parallels Virtual Mouse: Found 12 mouse buttons
[    64.469] (--) evdev: Parallels Virtual Mouse: Found scroll wheel(s)
[    64.469] (--) evdev: Parallels Virtual Mouse: Found relative axes
[    64.469] (--) evdev: Parallels Virtual Mouse: Found x and y relative axes
[    64.469] (II) evdev: Parallels Virtual Mouse: Configuring as mouse
[    64.469] (II) evdev: Parallels Virtual Mouse: Adding scrollwheel support
[    64.469] (**) evdev: Parallels Virtual Mouse: YAxisMapping: buttons 4 and 5
[    64.469] (**) evdev: Parallels Virtual Mouse: EmulateWheelButton: 4, EmulateWheelInertia: 10, EmulateWheelTimeout: 200
[    64.469] (**) Option "config_info" "udev:/sys/devices/pci0000:00/0000:00:1d.0/usb1/1-1/1-1:1.1/0003:203A:FFFC.0002/input/input4/event2"
[    64.469] (II) XINPUT: Adding extended input device "Parallels Virtual Mouse" (type: MOUSE, id 7)
[    64.470] (II) evdev: Parallels Virtual Mouse: initialized for relative axes.
[    64.470] (**) Parallels Virtual Mouse: (accel) keeping acceleration scheme 1
[    64.470] (**) Parallels Virtual Mouse: (accel) acceleration profile 0
[    64.470] (**) Parallels Virtual Mouse: (accel) acceleration factor: 2.000
[    64.470] (**) Parallels Virtual Mouse: (accel) acceleration threshold: 4
[    64.473] (II) config/udev: removing device ImExPS/2 Generic Explorer Mouse
[    64.509] (II) evdev: ImExPS/2 Generic Explorer Mouse: Close
[    64.509] (II) UnloadModule: "evdev"
[    64.509] (II) config/udev: Adding input device ImExPS/2 Generic Explorer Mouse (/dev/input/event3)
[    64.509] (**) ImExPS/2 Generic Explorer Mouse: Applying InputClass "evdev pointer catchall"
[    64.509] (II) Using input driver 'evdev' for 'ImExPS/2 Generic Explorer Mouse'
[    64.509] (**) ImExPS/2 Generic Explorer Mouse: always reports core events
[    64.509] (**) evdev: ImExPS/2 Generic Explorer Mouse: Device: "/dev/input/event3"
[    64.509] (--) evdev: ImExPS/2 Generic Explorer Mouse: Vendor 0x2 Product 0x6
[    64.509] (--) evdev: ImExPS/2 Generic Explorer Mouse: Found 9 mouse buttons
[    64.509] (--) evdev: ImExPS/2 Generic Explorer Mouse: Found scroll wheel(s)
[    64.509] (--) evdev: ImExPS/2 Generic Explorer Mouse: Found relative axes
[    64.509] (--) evdev: ImExPS/2 Generic Explorer Mouse: Found x and y relative axes
[    64.509] (II) evdev: ImExPS/2 Generic Explorer Mouse: Configuring as mouse
[    64.509] (II) evdev: ImExPS/2 Generic Explorer Mouse: Adding scrollwheel support
[    64.509] (**) evdev: ImExPS/2 Generic Explorer Mouse: YAxisMapping: buttons 4 and 5
[    64.509] (**) evdev: ImExPS/2 Generic Explorer Mouse: EmulateWheelButton: 4, EmulateWheelInertia: 10, EmulateWheelTimeout: 200
[    64.509] (**) Option "config_info" "udev:/sys/devices/platform/i8042/serio1/input/input2/event3"
[    64.509] (II) XINPUT: Adding extended input device "ImExPS/2 Generic Explorer Mouse" (type: MOUSE, id 9)
[    64.510] (II) evdev: ImExPS/2 Generic Explorer Mouse: initialized for relative axes.
[    64.510] (**) ImExPS/2 Generic Explorer Mouse: (accel) keeping acceleration scheme 1
[    64.510] (**) ImExPS/2 Generic Explorer Mouse: (accel) acceleration profile 0
[    64.510] (**) ImExPS/2 Generic Explorer Mouse: (accel) acceleration factor: 2.000
[    64.510] (**) ImExPS/2 Generic Explorer Mouse: (accel) acceleration threshold: 4
[    64.510] (II) config/udev: removing device AT Translated Set 2 keyboard
[    64.541] (II) evdev: AT Translated Set 2 keyboard: Close
[    64.541] (II) UnloadModule: "evdev"
[    64.541] (II) config/udev: Adding input device AT Translated Set 2 keyboard (/dev/input/event0)
[    64.541] (**) AT Translated Set 2 keyboard: Applying InputClass "evdev keyboard catchall"
[    64.541] (II) Using input driver 'evdev' for 'AT Translated Set 2 keyboard'
[    64.541] (**) AT Translated Set 2 keyboard: always reports core events
[    64.541] (**) evdev: AT Translated Set 2 keyboard: Device: "/dev/input/event0"
[    64.541] (--) evdev: AT Translated Set 2 keyboard: Vendor 0x1 Product 0x1
[    64.541] (--) evdev: AT Translated Set 2 keyboard: Found keys
[    64.541] (II) evdev: AT Translated Set 2 keyboard: Configuring as keyboard
[    64.541] (**) Option "config_info" "udev:/sys/devices/platform/i8042/serio0/input/input0/event0"
[    64.541] (II) XINPUT: Adding extended input device "AT Translated Set 2 keyboard" (type: KEYBOARD, id 8)
[    64.541] (**) Option "xkb_rules" "evdev"
[    64.541] (**) Option "xkb_model" "pc105"
[    64.541] (**) Option "xkb_layout" "us"
[    64.541] (WW) Option "xkb_variant" requires a string value
[    64.541] (WW) Option "xkb_options" requires a string value
[    86.813] (II) config/udev: removing GPU device /sys/devices/pci0000:00/0000:00:01.0/0000:01:00.0/virtio2/drm/card0 /dev/dri/card0
[    86.813] xf86: remove device 0 /sys/devices/pci0000:00/0000:00:01.0/0000:01:00.0/virtio2/drm/card0
[    86.813] failed to find screen to remove
[    86.819] (II) config/udev: Adding input device Parallels Virtual Mouse (/dev/input/mouse0)
[    86.819] (II) No input driver specified, ignoring this device.
[    86.819] (II) This device may have been added with another device file.
[    86.824] (II) config/udev: Adding input device Parallels Virtual Mouse (/dev/input/mouse1)
[    86.824] (II) No input driver specified, ignoring this device.
[    86.824] (II) This device may have been added with another device file.
[    86.827] (II) config/udev: Adding input device ImExPS/2 Generic Explorer Mouse (/dev/input/mouse2)
[    86.827] (II) No input driver specified, ignoring this device.
[    86.827] (II) This device may have been added with another device file.
[    86.829] (II) config/udev: removing device Parallels Virtual Mouse
[    86.857] (II) evdev: Parallels Virtual Mouse: Close
[    86.857] (II) UnloadModule: "evdev"
[    86.857] (II) config/udev: Adding input device Parallels Virtual Mouse (/dev/input/event2)
[    86.857] (**) Parallels Virtual Mouse: Applying InputClass "evdev pointer catchall"
[    86.857] (II) Using input driver 'evdev' for 'Parallels Virtual Mouse'
[    86.857] (**) Parallels Virtual Mouse: always reports core events
[    86.857] (**) evdev: Parallels Virtual Mouse: Device: "/dev/input/event2"
[    86.921] (--) evdev: Parallels Virtual Mouse: Vendor 0x203a Product 0xfffc
[    86.921] (--) evdev: Parallels Virtual Mouse: Found 12 mouse buttons
[    86.921] (--) evdev: Parallels Virtual Mouse: Found scroll wheel(s)
[    86.921] (--) evdev: Parallels Virtual Mouse: Found relative axes
[    86.921] (--) evdev: Parallels Virtual Mouse: Found x and y relative axes
[    86.921] (II) evdev: Parallels Virtual Mouse: Configuring as mouse
[    86.921] (II) evdev: Parallels Virtual Mouse: Adding scrollwheel support
[    86.921] (**) evdev: Parallels Virtual Mouse: YAxisMapping: buttons 4 and 5
[    86.921] (**) evdev: Parallels Virtual Mouse: EmulateWheelButton: 4, EmulateWheelInertia: 10, EmulateWheelTimeout: 200
[    86.921] (**) Option "config_info" "udev:/sys/devices/pci0000:00/0000:00:1d.0/usb1/1-1/1-1:1.1/0003:203A:FFFC.0002/input/input4/event2"
[    86.921] (II) XINPUT: Adding extended input device "Parallels Virtual Mouse" (type: MOUSE, id 7)
[    86.921] (II) evdev: Parallels Virtual Mouse: initialized for relative axes.
[    86.921] (**) Parallels Virtual Mouse: (accel) keeping acceleration scheme 1
[    86.921] (**) Parallels Virtual Mouse: (accel) acceleration profile 0
[    86.921] (**) Parallels Virtual Mouse: (accel) acceleration factor: 2.000
[    86.921] (**) Parallels Virtual Mouse: (accel) acceleration threshold: 4
[    86.922] (II) config/udev: removing device Parallels Virtual Mouse
[    87.068] (II) evdev: Parallels Virtual Mouse: Close
[    87.068] (II) UnloadModule: "evdev"
[    87.069] (II) config/udev: Adding input device Parallels Virtual Mouse (/dev/input/event1)
[    87.069] (**) Parallels Virtual Mouse: Applying InputClass "evdev pointer catchall"
[    87.069] (II) Using input driver 'evdev' for 'Parallels Virtual Mouse'
[    87.069] (**) Parallels Virtual Mouse: always reports core events
[    87.069] (**) evdev: Parallels Virtual Mouse: Device: "/dev/input/event1"
[    87.129] (--) evdev: Parallels Virtual Mouse: Vendor 0x203a Product 0xfffc
[    87.129] (--) evdev: Parallels Virtual Mouse: Found 12 mouse buttons
[    87.129] (--) evdev: Parallels Virtual Mouse: Found scroll wheel(s)
[    87.129] (--) evdev: Parallels Virtual Mouse: Found relative axes
[    87.129] (--) evdev: Parallels Virtual Mouse: Found absolute axes
[    87.129] (--) evdev: Parallels Virtual Mouse: Found x and y absolute axes
[    87.129] (--) evdev: Parallels Virtual Mouse: Found absolute touchscreen
[    87.129] (II) evdev: Parallels Virtual Mouse: Configuring as touchscreen
[    87.129] (II) evdev: Parallels Virtual Mouse: Adding scrollwheel support
[    87.129] (**) evdev: Parallels Virtual Mouse: YAxisMapping: buttons 4 and 5
[    87.129] (**) evdev: Parallels Virtual Mouse: EmulateWheelButton: 4, EmulateWheelInertia: 10, EmulateWheelTimeout: 200
[    87.129] (**) Option "config_info" "udev:/sys/devices/pci0000:00/0000:00:1d.0/usb1/1-1/1-1:1.0/0003:203A:FFFC.0001/input/input3/event1"
[    87.129] (II) XINPUT: Adding extended input device "Parallels Virtual Mouse" (type: TOUCHSCREEN, id 6)
[    87.129] (WW) evdev: Parallels Virtual Mouse: touchpads, tablets and touchscreens ignore relative axes.
[    87.129] (II) evdev: Parallels Virtual Mouse: initialized for absolute axes.
[    87.129] (**) Parallels Virtual Mouse: (accel) keeping acceleration scheme 1
[    87.129] (**) Parallels Virtual Mouse: (accel) acceleration profile 0
[    87.129] (**) Parallels Virtual Mouse: (accel) acceleration factor: 2.000
[    87.129] (**) Parallels Virtual Mouse: (accel) acceleration threshold: 4
[    87.129] (II) config/udev: removing device AT Translated Set 2 keyboard
[    87.176] (II) evdev: AT Translated Set 2 keyboard: Close
[    87.176] (II) UnloadModule: "evdev"
[    87.177] (II) config/udev: Adding input device AT Translated Set 2 keyboard (/dev/input/event0)
[    87.177] (**) AT Translated Set 2 keyboard: Applying InputClass "evdev keyboard catchall"
[    87.177] (II) Using input driver 'evdev' for 'AT Translated Set 2 keyboard'
[    87.177] (**) AT Translated Set 2 keyboard: always reports core events
[    87.177] (**) evdev: AT Translated Set 2 keyboard: Device: "/dev/input/event0"
[    87.177] (--) evdev: AT Translated Set 2 keyboard: Vendor 0x1 Product 0x1
[    87.177] (--) evdev: AT Translated Set 2 keyboard: Found keys
[    87.177] (II) evdev: AT Translated Set 2 keyboard: Configuring as keyboard
[    87.177] (**) Option "config_info" "udev:/sys/devices/platform/i8042/serio0/input/input0/event0"
[    87.177] (II) XINPUT: Adding extended input device "AT Translated Set 2 keyboard" (type: KEYBOARD, id 8)
[    87.177] (**) Option "xkb_rules" "evdev"
[    87.177] (**) Option "xkb_model" "pc105"
[    87.177] (**) Option "xkb_layout" "us"
[    87.177] (WW) Option "xkb_variant" requires a string value
[    87.177] (WW) Option "xkb_options" requires a string value
[    87.177] (II) config/udev: removing device ImExPS/2 Generic Explorer Mouse
[    87.205] (II) evdev: ImExPS/2 Generic Explorer Mouse: Close
[    87.205] (II) UnloadModule: "evdev"
[    87.205] (II) config/udev: Adding input device ImExPS/2 Generic Explorer Mouse (/dev/input/event3)
[    87.205] (**) ImExPS/2 Generic Explorer Mouse: Applying InputClass "evdev pointer catchall"
[    87.205] (II) Using input driver 'evdev' for 'ImExPS/2 Generic Explorer Mouse'
[    87.205] (**) ImExPS/2 Generic Explorer Mouse: always reports core events
[    87.205] (**) evdev: ImExPS/2 Generic Explorer Mouse: Device: "/dev/input/event3"
[    87.205] (--) evdev: ImExPS/2 Generic Explorer Mouse: Vendor 0x2 Product 0x6
[    87.205] (--) evdev: ImExPS/2 Generic Explorer Mouse: Found 9 mouse buttons
[    87.205] (--) evdev: ImExPS/2 Generic Explorer Mouse: Found scroll wheel(s)
[    87.205] (--) evdev: ImExPS/2 Generic Explorer Mouse: Found relative axes
[    87.205] (--) evdev: ImExPS/2 Generic Explorer Mouse: Found x and y relative axes
[    87.205] (II) evdev: ImExPS/2 Generic Explorer Mouse: Configuring as mouse
[    87.205] (II) evdev: ImExPS/2 Generic Explorer Mouse: Adding scrollwheel support
[    87.205] (**) evdev: ImExPS/2 Generic Explorer Mouse: YAxisMapping: buttons 4 and 5
[    87.205] (**) evdev: ImExPS/2 Generic Explorer Mouse: EmulateWheelButton: 4, EmulateWheelInertia: 10, EmulateWheelTimeout: 200
[    87.205] (**) Option "config_info" "udev:/sys/devices/platform/i8042/serio1/input/input2/event3"
[    87.205] (II) XINPUT: Adding extended input device "ImExPS/2 Generic Explorer Mouse" (type: MOUSE, id 9)
[    87.205] (II) evdev: ImExPS/2 Generic Explorer Mouse: initialized for relative axes.
[    87.205] (**) ImExPS/2 Generic Explorer Mouse: (accel) keeping acceleration scheme 1
[    87.205] (**) ImExPS/2 Generic Explorer Mouse: (accel) acceleration profile 0
[    87.205] (**) ImExPS/2 Generic Explorer Mouse: (accel) acceleration factor: 2.000
[    87.205] (**) ImExPS/2 Generic Explorer Mouse: (accel) acceleration threshold: 4
[   337.874] (II) config/udev: removing GPU device /sys/devices/pci0000:00/0000:00:01.0/0000:01:00.0/virtio2/drm/card0 /dev/dri/card0
[   337.874] xf86: remove device 0 /sys/devices/pci0000:00/0000:00:01.0/0000:01:00.0/virtio2/drm/card0
[   337.874] failed to find screen to remove
[   337.876] (II) config/udev: Adding input device Parallels Virtual Mouse (/dev/input/mouse0)
[   337.876] (II) No input driver specified, ignoring this device.
[   337.876] (II) This device may have been added with another device file.
[   337.878] (II) config/udev: Adding input device Parallels Virtual Mouse (/dev/input/mouse1)
[   337.878] (II) No input driver specified, ignoring this device.
[   337.878] (II) This device may have been added with another device file.
[   337.886] (II) config/udev: removing device Parallels Virtual Mouse
[   337.917] (II) evdev: Parallels Virtual Mouse: Close
[   337.917] (II) UnloadModule: "evdev"
[   337.917] (II) config/udev: Adding input device Parallels Virtual Mouse (/dev/input/event1)
[   337.917] (**) Parallels Virtual Mouse: Applying InputClass "evdev pointer catchall"
[   337.917] (II) Using input driver 'evdev' for 'Parallels Virtual Mouse'
[   337.917] (**) Parallels Virtual Mouse: always reports core events
[   337.917] (**) evdev: Parallels Virtual Mouse: Device: "/dev/input/event1"
[   337.977] (--) evdev: Parallels Virtual Mouse: Vendor 0x203a Product 0xfffc
[   337.977] (--) evdev: Parallels Virtual Mouse: Found 12 mouse buttons
[   337.977] (--) evdev: Parallels Virtual Mouse: Found scroll wheel(s)
[   337.977] (--) evdev: Parallels Virtual Mouse: Found relative axes
[   337.977] (--) evdev: Parallels Virtual Mouse: Found absolute axes
[   337.977] (--) evdev: Parallels Virtual Mouse: Found x and y absolute axes
[   337.977] (--) evdev: Parallels Virtual Mouse: Found absolute touchscreen
[   337.977] (II) evdev: Parallels Virtual Mouse: Configuring as touchscreen
[   337.977] (II) evdev: Parallels Virtual Mouse: Adding scrollwheel support
[   337.977] (**) evdev: Parallels Virtual Mouse: YAxisMapping: buttons 4 and 5
[   337.977] (**) evdev: Parallels Virtual Mouse: EmulateWheelButton: 4, EmulateWheelInertia: 10, EmulateWheelTimeout: 200
[   337.977] (**) Option "config_info" "udev:/sys/devices/pci0000:00/0000:00:1d.0/usb1/1-1/1-1:1.0/0003:203A:FFFC.0001/input/input3/event1"
[   337.977] (II) XINPUT: Adding extended input device "Parallels Virtual Mouse" (type: TOUCHSCREEN, id 6)
[   337.977] (WW) evdev: Parallels Virtual Mouse: touchpads, tablets and touchscreens ignore relative axes.
[   337.977] (II) evdev: Parallels Virtual Mouse: initialized for absolute axes.
[   337.978] (**) Parallels Virtual Mouse: (accel) keeping acceleration scheme 1
[   337.978] (**) Parallels Virtual Mouse: (accel) acceleration profile 0
[   337.978] (**) Parallels Virtual Mouse: (accel) acceleration factor: 2.000
[   337.978] (**) Parallels Virtual Mouse: (accel) acceleration threshold: 4
[   337.978] (II) config/udev: removing device Parallels Virtual Mouse
[   338.009] (II) evdev: Parallels Virtual Mouse: Close
[   338.009] (II) UnloadModule: "evdev"
[   338.009] (II) config/udev: Adding input device Parallels Virtual Mouse (/dev/input/event2)
[   338.009] (**) Parallels Virtual Mouse: Applying InputClass "evdev pointer catchall"
[   338.009] (II) Using input driver 'evdev' for 'Parallels Virtual Mouse'
[   338.009] (**) Parallels Virtual Mouse: always reports core events
[   338.009] (**) evdev: Parallels Virtual Mouse: Device: "/dev/input/event2"
[   338.069] (--) evdev: Parallels Virtual Mouse: Vendor 0x203a Product 0xfffc
[   338.069] (--) evdev: Parallels Virtual Mouse: Found 12 mouse buttons
[   338.069] (--) evdev: Parallels Virtual Mouse: Found scroll wheel(s)
[   338.069] (--) evdev: Parallels Virtual Mouse: Found relative axes
[   338.069] (--) evdev: Parallels Virtual Mouse: Found x and y relative axes
[   338.069] (II) evdev: Parallels Virtual Mouse: Configuring as mouse
[   338.069] (II) evdev: Parallels Virtual Mouse: Adding scrollwheel support
[   338.069] (**) evdev: Parallels Virtual Mouse: YAxisMapping: buttons 4 and 5
[   338.069] (**) evdev: Parallels Virtual Mouse: EmulateWheelButton: 4, EmulateWheelInertia: 10, EmulateWheelTimeout: 200
[   338.069] (**) Option "config_info" "udev:/sys/devices/pci0000:00/0000:00:1d.0/usb1/1-1/1-1:1.1/0003:203A:FFFC.0002/input/input4/event2"
[   338.069] (II) XINPUT: Adding extended input device "Parallels Virtual Mouse" (type: MOUSE, id 7)
[   338.069] (II) evdev: Parallels Virtual Mouse: initialized for relative axes.
[   338.069] (**) Parallels Virtual Mouse: (accel) keeping acceleration scheme 1
[   338.069] (**) Parallels Virtual Mouse: (accel) acceleration profile 0
[   338.069] (**) Parallels Virtual Mouse: (accel) acceleration factor: 2.000
[   338.069] (**) Parallels Virtual Mouse: (accel) acceleration threshold: 4
[   338.069] (II) config/udev: Adding input device ImExPS/2 Generic Explorer Mouse (/dev/input/mouse2)
[   338.069] (II) No input driver specified, ignoring this device.
[   338.069] (II) This device may have been added with another device file.
[   338.069] (II) config/udev: removing device AT Translated Set 2 keyboard
[   338.101] (II) evdev: AT Translated Set 2 keyboard: Close
[   338.101] (II) UnloadModule: "evdev"
[   338.101] (II) config/udev: Adding input device AT Translated Set 2 keyboard (/dev/input/event0)
[   338.101] (**) AT Translated Set 2 keyboard: Applying InputClass "evdev keyboard catchall"
[   338.101] (II) Using input driver 'evdev' for 'AT Translated Set 2 keyboard'
[   338.101] (**) AT Translated Set 2 keyboard: always reports core events
[   338.101] (**) evdev: AT Translated Set 2 keyboard: Device: "/dev/input/event0"
[   338.101] (--) evdev: AT Translated Set 2 keyboard: Vendor 0x1 Product 0x1
[   338.101] (--) evdev: AT Translated Set 2 keyboard: Found keys
[   338.101] (II) evdev: AT Translated Set 2 keyboard: Configuring as keyboard
[   338.101] (**) Option "config_info" "udev:/sys/devices/platform/i8042/serio0/input/input0/event0"
[   338.101] (II) XINPUT: Adding extended input device "AT Translated Set 2 keyboard" (type: KEYBOARD, id 8)
[   338.101] (**) Option "xkb_rules" "evdev"
[   338.101] (**) Option "xkb_model" "pc105"
[   338.101] (**) Option "xkb_layout" "us"
[   338.101] (WW) Option "xkb_variant" requires a string value
[   338.101] (WW) Option "xkb_options" requires a string value
[   338.101] (II) config/udev: removing device ImExPS/2 Generic Explorer Mouse
[   338.133] (II) evdev: ImExPS/2 Generic Explorer Mouse: Close
[   338.133] (II) UnloadModule: "evdev"
[   338.133] (II) config/udev: Adding input device ImExPS/2 Generic Explorer Mouse (/dev/input/event3)
[   338.133] (**) ImExPS/2 Generic Explorer Mouse: Applying InputClass "evdev pointer catchall"
[   338.133] (II) Using input driver 'evdev' for 'ImExPS/2 Generic Explorer Mouse'
[   338.133] (**) ImExPS/2 Generic Explorer Mouse: always reports core events
[   338.133] (**) evdev: ImExPS/2 Generic Explorer Mouse: Device: "/dev/input/event3"
[   338.133] (--) evdev: ImExPS/2 Generic Explorer Mouse: Vendor 0x2 Product 0x6
[   338.133] (--) evdev: ImExPS/2 Generic Explorer Mouse: Found 9 mouse buttons
[   338.133] (--) evdev: ImExPS/2 Generic Explorer Mouse: Found scroll wheel(s)
[   338.133] (--) evdev: ImExPS/2 Generic Explorer Mouse: Found relative axes
[   338.133] (--) evdev: ImExPS/2 Generic Explorer Mouse: Found x and y relative axes
[   338.133] (II) evdev: ImExPS/2 Generic Explorer Mouse: Configuring as mouse
[   338.133] (II) evdev: ImExPS/2 Generic Explorer Mouse: Adding scrollwheel support
[   338.133] (**) evdev: ImExPS/2 Generic Explorer Mouse: YAxisMapping: buttons 4 and 5
[   338.133] (**) evdev: ImExPS/2 Generic Explorer Mouse: EmulateWheelButton: 4, EmulateWheelInertia: 10, EmulateWheelTimeout: 200
[   338.133] (**) Option "config_info" "udev:/sys/devices/platform/i8042/serio1/input/input2/event3"
[   338.133] (II) XINPUT: Adding extended input device "ImExPS/2 Generic Explorer Mouse" (type: MOUSE, id 9)
[   338.133] (II) evdev: ImExPS/2 Generic Explorer Mouse: initialized for relative axes.
[   338.133] (**) ImExPS/2 Generic Explorer Mouse: (accel) keeping acceleration scheme 1
[   338.133] (**) ImExPS/2 Generic Explorer Mouse: (accel) acceleration profile 0
[   338.133] (**) ImExPS/2 Generic Explorer Mouse: (accel) acceleration factor: 2.000
[   338.133] (**) ImExPS/2 Generic Explorer Mouse: (accel) acceleration threshold: 4
